  main.cpp
d:\陈智骐\czq作业\大学\wintercode\打砖块\wintercode-part3-block\block\block\block.h(72): warning C4244: “参数”: 从“double”转换到“float”，可能丢失数据
d:\陈智骐\czq作业\大学\wintercode\打砖块\wintercode-part3-block\block\block\block.h(98): warning C4244: “=”: 从“double”转换到“FLOAT”，可能丢失数据
d:\陈智骐\czq作业\大学\wintercode\打砖块\wintercode-part3-block\block\block\block.h(99): warning C4244: “=”: 从“double”转换到“FLOAT”，可能丢失数据
d:\陈智骐\czq作业\大学\wintercode\打砖块\wintercode-part3-block\block\block\block.h(101): warning C4244: “=”: 从“double”转换到“FLOAT”，可能丢失数据
d:\陈智骐\czq作业\大学\wintercode\打砖块\wintercode-part3-block\block\block\block.h(102): warning C4244: “=”: 从“double”转换到“FLOAT”，可能丢失数据
d:\陈智骐\czq作业\大学\wintercode\打砖块\wintercode-part3-block\block\block\block.h(103): warning C4244: “=”: 从“double”转换到“FLOAT”，可能丢失数据
d:\陈智骐\czq作业\大学\wintercode\打砖块\wintercode-part3-block\block\block\block.h(104): warning C4244: “=”: 从“double”转换到“FLOAT”，可能丢失数据
d:\陈智骐\czq作业\大学\wintercode\打砖块\wintercode-part3-block\block\block\block.h(152): warning C4244: “参数”: 从“double”转换到“float”，可能丢失数据
d:\陈智骐\czq作业\大学\wintercode\打砖块\wintercode-part3-block\block\block\block.h(153): warning C4244: “参数”: 从“double”转换到“float”，可能丢失数据
d:\陈智骐\czq作业\大学\wintercode\打砖块\wintercode-part3-block\block\block\block.h(304): warning C4018: “<”: 有符号/无符号不匹配
d:\陈智骐\czq作业\大学\wintercode\打砖块\wintercode-part3-block\block\block\block.h(306): warning C4244: “参数”: 从“double”转换到“float”，可能丢失数据
d:\陈智骐\czq作业\大学\wintercode\打砖块\wintercode-part3-block\block\block\menu.h(34): warning C4244: “参数”: 从“double”转换到“float”，可能丢失数据
d:\陈智骐\czq作业\大学\wintercode\打砖块\wintercode-part3-block\block\block\menu.h(35): warning C4244: “参数”: 从“double”转换到“float”，可能丢失数据
d:\陈智骐\czq作业\大学\wintercode\打砖块\wintercode-part3-block\block\block\game.h(39): warning C4244: “参数”: 从“double”转换到“float”，可能丢失数据
d:\陈智骐\czq作业\大学\wintercode\打砖块\wintercode-part3-block\block\block\game.h(60): warning C4244: “参数”: 从“double”转换到“float”，可能丢失数据
d:\陈智骐\czq作业\大学\wintercode\打砖块\wintercode-part3-block\block\block\game.h(61): warning C4244: “参数”: 从“double”转换到“float”，可能丢失数据
d:\陈智骐\czq作业\大学\wintercode\打砖块\wintercode-part3-block\block\block\game.h(75): warning C4244: “参数”: 从“double”转换到“float”，可能丢失数据
d:\陈智骐\czq作业\大学\wintercode\打砖块\wintercode-part3-block\block\block\game.h(76): warning C4244: “参数”: 从“double”转换到“float”，可能丢失数据
d:\陈智骐\czq作业\大学\wintercode\打砖块\wintercode-part3-block\block\block\game.h(108): warning C4244: “参数”: 从“double”转换到“float”，可能丢失数据
  block.vcxproj -> D:\陈智骐\czq作业\大学\wintercode\打砖块\wintercode-part3-block\block\Debug\block.exe
